2024-02-26 16:35:33,931 - INFO: A pasta 'EMP4' está vazia.
2024-02-26 16:35:33,932 - INFO: Arquivo 'R250124_108.TXT' movido para 'C:\skyline\REMESSA_PAGAMENTOS'.
2024-02-26 16:35:33,933 - INFO: Arquivo 'R250124_109 1.TXT' movido para 'C:\skyline\REMESSA_PAGAMENTOS'.
2024-02-26 16:35:33,933 - INFO: A pasta 'EMP12' está vazia.
2024-02-26 16:35:33,934 - INFO: A pasta 'EMP13' está vazia.
2024-02-26 16:35:33,934 - INFO: A pasta 'EMP14' está vazia.
2024-02-26 16:35:33,936 - INFO: A pasta 'EMP15' está vazia.
2024-02-26 16:35:33,937 - INFO: A pasta 'EMP16' está vazia.
2024-02-26 16:35:33,937 - INFO: A pasta 'EMP17' está vazia.
2024-02-26 16:35:33,938 - INFO: A pasta 'EMP18' está vazia.
2024-02-26 16:35:33,938 - INFO: Arquivo 'TESTE.TXT.txt' movido para 'C:\skyline\REMESSA_PAGAMENTOS'.
2024-02-26 16:35:33,939 - INFO: Arquivo 'TESTE11.TXT' movido para 'C:\skyline\REMESSA_PAGAMENTOS'.
2024-02-26 16:35:33,939 - INFO: A pasta 'EMP20' está vazia.
2024-02-26 16:35:33,940 - INFO: A pasta 'EMP21' está vazia.
2024-02-26 16:35:33,940 - INFO: A pasta 'EMP22' está vazia.
2024-02-26 16:35:33,940 - INFO: A pasta 'EMP23' está vazia.
2024-02-26 16:35:33,940 - INFO: A pasta 'EMP24' está vazia.
2024-02-26 16:35:33,940 - INFO: A pasta 'EMP25' está vazia.
2024-02-26 16:35:33,941 - INFO: A pasta 'EMP26' está vazia.
2024-02-26 16:35:33,941 - INFO: A pasta 'EMP27' está vazia.
2024-02-26 16:35:33,941 - INFO: A pasta 'EMP28' está vazia.
2024-02-26 16:35:33,941 - INFO: A pasta 'EMP29' está vazia.
2024-02-26 16:35:33,942 - INFO: A pasta 'EMP30' está vazia.
